<?xml version="1.0" encoding="UTF-8"?>
<testng-results skipped="0" failed="1" total="1" passed="0">
  <reporter-output>
  </reporter-output>
  <suite name="Default suite" duration-ms="79764" started-at="2017-07-10T09:46:26Z" finished-at="2017-07-10T09:47:45Z">
    <groups>
    </groups>
    <test name="Default test" duration-ms="79764" started-at="2017-07-10T09:46:26Z" finished-at="2017-07-10T09:47:45Z">
      <class name="com.wind.ndbweb.ndbAutomation.PeipCreatione">
        <test-method status="PASS" signature="springTestContextBeforeTestClass()[pri:0, instance:com.wind.ndbweb.ndbAutomation.PeipCreatione@75db5df9]" name="springTestContextBeforeTestClass" is-config="true" duration-ms="15" started-at="2017-07-10T15:16:26Z" finished-at="2017-07-10T15:16:26Z">
          <reporter-output>
          </reporter-output>
        </test-method> <!-- springTestContextBeforeTestClass -->
        <test-method status="PASS" signature="springTestContextPrepareTestInstance()[pri:0, instance:com.wind.ndbweb.ndbAutomation.PeipCreatione@75db5df9]" name="springTestContextPrepareTestInstance" is-config="true" duration-ms="2717" started-at="2017-07-10T15:16:26Z" depends-on-methods="org.springframework.test.context.testng.AbstractTestNGSpringContextTests.springTestContextBeforeTestClass" finished-at="2017-07-10T15:16:28Z">
          <reporter-output>
          </reporter-output>
        </test-method> <!-- springTestContextPrepareTestInstance -->
        <test-method status="FAIL" signature="verifyPeipCreatione(java.util.Hashtable)[pri:0, instance:com.wind.ndbweb.ndbAutomation.PeipCreatione@75db5df9]" name="verifyPeipCreatione" duration-ms="76931" started-at="2017-07-10T15:16:28Z" data-provider="getVerifyWizard" finished-at="2017-07-10T15:17:45Z">
          <params>
            <param index="0">
              <value>
                <![CDATA[{RunMode=Y}]]>
              </value>
            </param>
          </params>
          <exception class="java.lang.AssertionError">
            <message>
              <![CDATA[Fail]]>
            </message>
            <full-stacktrace>
              <![CDATA[java.lang.AssertionError: Fail
	at org.testng.Assert.fail(Assert.java:94)
	at com.wind.ndbweb.utility.TestExecutor.executeKeywords(TestExecutor.java:226)
	at com.wind.ndbweb.ndbAutomation.PeipCreatione.verifyPeipCreatione(PeipCreatione.java:43)
	at sun.reflect.NativeMethodAccessorImpl.invoke0(Native Method)
	at sun.reflect.NativeMethodAccessorImpl.invoke(NativeMethodAccessorImpl.java:62)
	at sun.reflect.DelegatingMethodAccessorImpl.invoke(DelegatingMethodAccessorImpl.java:43)
	at java.lang.reflect.Method.invoke(Method.java:497)
	at org.testng.internal.MethodInvocationHelper.invokeMethod(MethodInvocationHelper.java:86)
	at org.testng.internal.MethodInvocationHelper$1.runTestMethod(MethodInvocationHelper.java:197)
	at org.springframework.test.context.testng.AbstractTestNGSpringContextTests.run(AbstractTestNGSpringContextTests.java:171)
	at org.testng.internal.MethodInvocationHelper.invokeHookable(MethodInvocationHelper.java:209)
	at org.testng.internal.Invoker.invokeMethod(Invoker.java:639)
	at org.testng.internal.Invoker.invokeTestMethod(Invoker.java:820)
	at org.testng.internal.Invoker.invokeTestMethods(Invoker.java:1128)
	at org.testng.internal.TestMethodWorker.invokeTestMethods(TestMethodWorker.java:129)
	at org.testng.internal.TestMethodWorker.run(TestMethodWorker.java:112)
	at org.testng.TestRunner.privateRun(TestRunner.java:782)
	at org.testng.TestRunner.run(TestRunner.java:632)
	at org.testng.SuiteRunner.runTest(SuiteRunner.java:366)
	at org.testng.SuiteRunner.runSequentially(SuiteRunner.java:361)
	at org.testng.SuiteRunner.privateRun(SuiteRunner.java:319)
	at org.testng.SuiteRunner.run(SuiteRunner.java:268)
	at org.testng.SuiteRunnerWorker.runSuite(SuiteRunnerWorker.java:52)
	at org.testng.SuiteRunnerWorker.run(SuiteRunnerWorker.java:86)
	at org.testng.TestNG.runSuitesSequentially(TestNG.java:1244)
	at org.testng.TestNG.runSuitesLocally(TestNG.java:1169)
	at org.testng.TestNG.run(TestNG.java:1064)
	at org.testng.remote.AbstractRemoteTestNG.run(AbstractRemoteTestNG.java:132)
	at org.testng.remote.RemoteTestNG.initAndRun(RemoteTestNG.java:236)
	at org.testng.remote.RemoteTestNG.main(RemoteTestNG.java:81)
]]>
            </full-stacktrace>
          </exception> <!-- java.lang.AssertionError -->
          <reporter-output>
          </reporter-output>
        </test-method> <!-- verifyPeipCreatione -->
        <test-method status="PASS" signature="springTestContextBeforeTestMethod(java.lang.reflect.Method)[pri:0, instance:com.wind.ndbweb.ndbAutomation.PeipCreatione@75db5df9]" name="springTestContextBeforeTestMethod" is-config="true" duration-ms="0" started-at="2017-07-10T15:16:28Z" finished-at="2017-07-10T15:16:28Z">
          <params>
            <param index="0">
              <value>
                <![CDATA[public void com.wind.ndbweb.ndbAutomation.PeipCreatione.verifyPeipCreatione(java.util.Hashtable)]]>
              </value>
            </param>
          </params>
          <reporter-output>
          </reporter-output>
        </test-method> <!-- springTestContextBeforeTestMethod -->
        <test-method status="PASS" signature="springTestContextAfterTestMethod(java.lang.reflect.Method)[pri:0, instance:com.wind.ndbweb.ndbAutomation.PeipCreatione@75db5df9]" name="springTestContextAfterTestMethod" is-config="true" duration-ms="4" started-at="2017-07-10T15:17:45Z" finished-at="2017-07-10T15:17:45Z">
          <params>
            <param index="0">
              <value>
                <![CDATA[public void com.wind.ndbweb.ndbAutomation.PeipCreatione.verifyPeipCreatione(java.util.Hashtable)]]>
              </value>
            </param>
          </params>
          <reporter-output>
          </reporter-output>
        </test-method> <!-- springTestContextAfterTestMethod -->
        <test-method status="PASS" signature="springTestContextAfterTestClass()[pri:0, instance:com.wind.ndbweb.ndbAutomation.PeipCreatione@75db5df9]" name="springTestContextAfterTestClass" is-config="true" duration-ms="0" started-at="2017-07-10T15:17:45Z" finished-at="2017-07-10T15:17:45Z">
          <reporter-output>
          </reporter-output>
        </test-method> <!-- springTestContextAfterTestClass -->
      </class> <!-- com.wind.ndbweb.ndbAutomation.PeipCreatione -->
    </test> <!-- Default test -->
  </suite> <!-- Default suite -->
</testng-results>
