<?xml version="1.0" encoding="UTF-8"?>
<!-- Generated by org.testng.reporters.JUnitXMLReporter -->
<testsuite hostname="BDC7-D-BFLDH92" name="Test 1" tests="3" failures="2" timestamp="27 Jan 2017 07:47:48 GMT" time="44.216" errors="0">
  <testcase name="verifyLogin" time="26.069" classname="com.wind.ndbweb.ndbAutomation.LoginTest">
    <failure type="java.lang.IllegalArgumentException" message="No enum constant com.wind.ndbweb.utility.ENXLX.switchTab">
      <![CDATA[java.lang.IllegalArgumentException: No enum constant com.wind.ndbweb.utility.ENXLX.switchTab
	at java.lang.Enum.valueOf(Enum.java:238)
	at com.wind.ndbweb.utility.ENXLX.valueOf(TestExecutor.java:1)
	at com.wind.ndbweb.utility.TestExecutor.executeKeywords(TestExecutor.java:109)
	at com.wind.ndbweb.ndbAutomation.LoginTest.verifyLogin(LoginTest.java:33)
	at org.springframework.test.context.testng.AbstractTestNGSpringContextTests.run(AbstractTestNGSpringContextTests.java:171)
... Removed 26 stack frames]]>
    </failure>
  </testcase> <!-- verifyLogin -->
  <testcase name="verifyLogin" time="0.015" classname="com.wind.ndbweb.ndbAutomation.LoginTest">
    <skipped/>
  </testcase> <!-- verifyLogin -->
  <testcase name="verifyLogin" time="4.183" classname="com.wind.ndbweb.ndbAutomation.LoginTest">
    <failure type="java.lang.IllegalArgumentException" message="No enum constant com.wind.ndbweb.utility.ENXLX.switchTab">
      <![CDATA[java.lang.IllegalArgumentException: No enum constant com.wind.ndbweb.utility.ENXLX.switchTab
	at java.lang.Enum.valueOf(Enum.java:238)
	at com.wind.ndbweb.utility.ENXLX.valueOf(TestExecutor.java:1)
	at com.wind.ndbweb.utility.TestExecutor.executeKeywords(TestExecutor.java:109)
	at com.wind.ndbweb.ndbAutomation.LoginTest.verifyLogin(LoginTest.java:33)
	at org.springframework.test.context.testng.AbstractTestNGSpringContextTests.run(AbstractTestNGSpringContextTests.java:171)
... Removed 26 stack frames]]>
    </failure>
  </testcase> <!-- verifyLogin -->
</testsuite> <!-- Test 1 -->
